<?xml version="1.0" encoding="UTF-8"?>
<!-- Generated by org.testng.reporters.JUnitReportReporter -->
<testsuite name="Day16.TestGird" tests="8" time="101.992" ignored="0" failures="0" timestamp="22 三月 2018 06:52:10 GMT" skipped="0" hostname="zhangtongle" errors="0">
  <testcase name="setServ" time="5.147" classname="Day16.TestGird"/>
  <testcase name="loginZhiHu" time="17.094" classname="Day16.TestGird"/>
  <testcase name="loginZhiHu" time="12.330" classname="Day16.TestGird"/>
  <testcase name="setUp" time="23.850" classname="Day16.TestGird"/>
  <testcase name="setUp" time="28.851" classname="Day16.TestGird"/>
  <testcase name="quit" time="5.366" classname="Day16.TestGird"/>
  <testcase name="quit" time="3.381" classname="Day16.TestGird"/>
  <testcase name="setServ" time="5.973" classname="Day16.TestGird"/>
</testsuite> <!-- Day16.TestGird -->
